[debug] [2023-02-12T17:43:02.227Z] ----------------------------------------------------------------------
[debug] [2023-02-12T17:43:02.228Z] Command:       C:\Program Files\nodejs\node.exe C:\Users\Muntasir\AppData\Roaming\npm\node_modules\firebase-tools\lib\bin\firebase.js deploy
[debug] [2023-02-12T17:43:02.229Z] CLI Version:   10.7.0
[debug] [2023-02-12T17:43:02.229Z] Platform:      win32
[debug] [2023-02-12T17:43:02.229Z] Node Version:  v16.13.1
[debug] [2023-02-12T17:43:02.233Z] Time:          Sun Feb 12 2023 23:43:02 GMT+0600 (Bangladesh Standard Time)
[debug] [2023-02-12T17:43:02.233Z] ----------------------------------------------------------------------
[debug] 
[debug] [2023-02-12T17:43:02.235Z] >>> [apiv2][query] GET https://firebase-public.firebaseio.com/cli.json [none]
[debug] [2023-02-12T17:43:02.295Z] > command requires scopes: ["email","openid","https://www.googleapis.com/auth/cloudplatformprojects.readonly","https://www.googleapis.com/auth/firebase","https://www.googleapis.com/auth/cloud-platform"]
[debug] [2023-02-12T17:43:02.296Z] > authorizing via signed-in user (muntasir01521566317@gmail.com)
[debug] [2023-02-12T17:43:02.296Z] [iam] checking project mobile-parts-30adf for permissions ["firebase.projects.get","firebasehosting.sites.update"]
[debug] [2023-02-12T17:43:02.296Z] > refreshing access token with scopes: []
[debug] [2023-02-12T17:43:02.297Z] >>> HTTP REQUEST POST https://www.googleapis.com/oauth2/v3/token  
 <request body omitted>
[debug] [2023-02-12T17:43:05.593Z] <<< HTTP RESPONSE 400 {"cache-control":"no-cache, no-store, max-age=0, must-revalidate","expires":"Mon, 01 Jan 1990 00:00:00 GMT","pragma":"no-cache","date":"Sun, 12 Feb 2023 17:43:04 GMT","content-type":"application/json; charset=utf-8","vary":"X-Origin, Referer, Origin,Accept-Encoding","server":"scaffolding on HTTPServer2","x-xss-protection":"0","x-frame-options":"SAMEORIGIN","x-content-type-options":"nosniff","alt-svc":"h3=\":443\"; ma=2592000,h3-29=\":443\"; ma=2592000","accept-ranges":"none","transfer-encoding":"chunked"}
[debug] [2023-02-12T17:43:05.594Z] >>> [apiv2][query] POST https://cloudresourcemanager.googleapis.com/v1/projects/mobile-parts-30adf:testIamPermissions [none]
[debug] [2023-02-12T17:43:05.594Z] >>> [apiv2][body] POST https://cloudresourcemanager.googleapis.com/v1/projects/mobile-parts-30adf:testIamPermissions {"permissions":["firebase.projects.get","firebasehosting.sites.update"]}
[debug] [2023-02-12T17:43:05.597Z] <<< [apiv2][status] GET https://firebase-public.firebaseio.com/cli.json 200
[debug] [2023-02-12T17:43:05.597Z] <<< [apiv2][body] GET https://firebase-public.firebaseio.com/cli.json {"cloudBuildErrorAfter":1594252800000,"cloudBuildWarnAfter":1590019200000,"defaultNode10After":1594252800000,"minVersion":"3.0.5","node8DeploysDisabledAfter":1613390400000,"node8RuntimeDisabledAfter":1615809600000,"node8WarnAfter":1600128000000}
[debug] [2023-02-12T17:43:07.979Z] <<< [apiv2][status] POST https://cloudresourcemanager.googleapis.com/v1/projects/mobile-parts-30adf:testIamPermissions 401
[debug] [2023-02-12T17:43:07.979Z] <<< [apiv2][body] POST https://cloudresourcemanager.googleapis.com/v1/projects/mobile-parts-30adf:testIamPermissions {"error":{"code":401,"message":"Request had invalid authentication credentials. Expected OAuth 2 access token, login cookie or other valid authentication credential. See https://developers.google.com/identity/sign-in/web/devconsole-project.","status":"UNAUTHENTICATED","details":[{"@type":"type.googleapis.com/google.rpc.ErrorInfo","reason":"ACCESS_TOKEN_TYPE_UNSUPPORTED","metadata":{"service":"cloudresourcemanager.googleapis.com","method":"google.cloudresourcemanager.v1.Projects.TestIamPermissions"}}]}}
[debug] [2023-02-12T17:43:07.980Z] [iam] error while checking permissions, command may fail: FirebaseError: HTTP Error: 401, Request had invalid authentication credentials. Expected OAuth 2 access token, login cookie or other valid authentication credential. See https://developers.google.com/identity/sign-in/web/devconsole-project.
[debug] [2023-02-12T17:43:07.980Z] > refreshing access token with scopes: []
[debug] [2023-02-12T17:43:07.980Z] >>> HTTP REQUEST POST https://www.googleapis.com/oauth2/v3/token  
 <request body omitted>
[debug] [2023-02-12T17:43:09.124Z] <<< HTTP RESPONSE 400 {"cache-control":"no-cache, no-store, max-age=0, must-revalidate","pragma":"no-cache","date":"Sun, 12 Feb 2023 17:43:08 GMT","expires":"Mon, 01 Jan 1990 00:00:00 GMT","content-type":"application/json; charset=utf-8","vary":"X-Origin, Referer, Origin,Accept-Encoding","server":"scaffolding on HTTPServer2","x-xss-protection":"0","x-frame-options":"SAMEORIGIN","x-content-type-options":"nosniff","alt-svc":"h3=\":443\"; ma=2592000,h3-29=\":443\"; ma=2592000","accept-ranges":"none","transfer-encoding":"chunked"}
[debug] [2023-02-12T17:43:09.128Z] >>> [apiv2][query] GET https://firebase.googleapis.com/v1beta1/projects/mobile-parts-30adf [none]
[debug] [2023-02-12T17:43:09.866Z] <<< [apiv2][status] GET https://firebase.googleapis.com/v1beta1/projects/mobile-parts-30adf 401
[debug] [2023-02-12T17:43:09.866Z] <<< [apiv2][body] GET https://firebase.googleapis.com/v1beta1/projects/mobile-parts-30adf {"error":{"code":401,"message":"Request had invalid authentication credentials. Expected OAuth 2 access token, login cookie or other valid authentication credential. See https://developers.google.com/identity/sign-in/web/devconsole-project.","status":"UNAUTHENTICATED"}}
[debug] [2023-02-12T17:43:09.867Z] HTTP Error: 401, Request had invalid authentication credentials. Expected OAuth 2 access token, login cookie or other valid authentication credential. See https://developers.google.com/identity/sign-in/web/devconsole-project.
[debug] [2023-02-12T17:43:10.384Z] FirebaseError: HTTP Error: 401, Request had invalid authentication credentials. Expected OAuth 2 access token, login cookie or other valid authentication credential. See https://developers.google.com/identity/sign-in/web/devconsole-project.
    at module.exports (C:\Users\Muntasir\AppData\Roaming\npm\node_modules\firebase-tools\lib\responseToError.js:47:12)
    at RetryOperation._fn (C:\Users\Muntasir\AppData\Roaming\npm\node_modules\firebase-tools\lib\apiv2.js:286:39)
    at processTicksAndRejections (node:internal/process/task_queues:96:5)
[error] 
[error] Error: Failed to get Firebase project mobile-parts-30adf. Please make sure the project exists and your account has permission to access it.
[debug] [2023-02-12T17:43:36.143Z] ----------------------------------------------------------------------
[debug] [2023-02-12T17:43:36.145Z] Command:       C:\Program Files\nodejs\node.exe C:\Users\Muntasir\AppData\Roaming\npm\node_modules\firebase-tools\lib\bin\firebase.js init
[debug] [2023-02-12T17:43:36.145Z] CLI Version:   10.7.0
[debug] [2023-02-12T17:43:36.146Z] Platform:      win32
[debug] [2023-02-12T17:43:36.146Z] Node Version:  v16.13.1
[debug] [2023-02-12T17:43:36.146Z] Time:          Sun Feb 12 2023 23:43:36 GMT+0600 (Bangladesh Standard Time)
[debug] [2023-02-12T17:43:36.146Z] ----------------------------------------------------------------------
[debug] 
[debug] [2023-02-12T17:43:36.197Z] > command requires scopes: ["email","openid","https://www.googleapis.com/auth/cloudplatformprojects.readonly","https://www.googleapis.com/auth/firebase","https://www.googleapis.com/auth/cloud-platform"]
[debug] [2023-02-12T17:43:36.197Z] > authorizing via signed-in user (muntasir01521566317@gmail.com)
[info] 
     ######## #### ########  ######## ########     ###     ######  ########
     ##        ##  ##     ## ##       ##     ##  ##   ##  ##       ##
     ######    ##  ########  ######   ########  #########  ######  ######
     ##        ##  ##    ##  ##       ##     ## ##     ##       ## ##
     ##       #### ##     ## ######## ########  ##     ##  ######  ########

You're about to initialize a Firebase project in this directory:

  M:\webProject\mobile-parts-frontend\Mobile-Parts-client

Before we get started, keep in mind:

  * You are initializing within an existing Firebase project directory

